Long/assprimeszerodim_l.tst
Long/ffmodstd_l.tst
Long/locnormal.tst
Long/modnormal.tst
Long/modstd_l.tst
Long/nfmodstd_l.tst
Long/nfmodsyz_l.tst
Long/primdecint.tst
Long/surfacesignature.tst
Long/symodstd.tst
Manual/timeStd.tst
Manual/waitall.tst
Short/bug_509.tst
Short/assprimeszerodim_s.tst
Short/cornercase_normal.tst
Short/ffmodstd_s.tst
Short/waitfirst.tst
Short/waitall.tst
Short/tasks_s.tst
Short/pfd.tst
Short/parallel_s.tst
Short/nfmodsyz_s.tst
Short/nfmodstd_s.tst
Short/newstruct_ring.tst
Short/modstd_s.tst
Short/modular_s.tst
