;; Tests which should pass with Singularg
allres_s
betti_s
barei_s
bug_1
bug_10
bug_11
bug_12
bug_13
bug_14
bug_15
bug_16
bug_17
bug_18
bug_19
bug_20
bug_3
bug_5
bug_6
bug_7
bug_8
bug_9 
bug_barei
bug_c_dp
bug_factorize
bug_mres
bug_napMultT
bug_primdec
cyc5_lp
bug_sres
bug_sres_betti
bug_sres_cyc5
dbm_s
deform_s
facstd
fetch_s
fglm1_s
fglmquot1_s
finduni_s
finvar_s
finvarlb
gcd0_s
gcdp_s
graphics
hilb_weights
highcorner_s
hnoether_s
homolog_s
hres_s
imap
intdet_s
intersect_s
invar
invarlib
latex
lift_s
liftstd_s
lres_s
minor_s
modulo_s
monodromy_s
mora_1.tst
mora_10.tst
mora_2.tst
mora_3.tst
mora_4.tst
mora_5.tst
mora_6.tst
mora_7.tst
mora_8.tst
mora_9.tst
mpsr_s
normal
pAdd_s
pAddManyVars_s
pAddManyVarsManyL_s
pMult_s
pMultManyVars_s
pMultManyVarsManyL_s
paramet
polylib_s
primdec_s
primdec2
primdec3
primitiv_s
quotient_s
rInit
res_s
resultantp_s
ringsum
sing_s
solve_s
spcurve
sres_s
std_s
string 
test_c_dp
triang_s
tst_s
