abusalem
bug_ecart
bug_misc
bug_minpoly
bug_newstruct
bug_ring
bug_ringlist
bug_tr237
; do not try bug_tr276 without 2.2 GB RAM free
; bug_tr276
bug_tr488
bug_tr501
; bug_554 ;ehv.lib depr.
bug_tr559
bug_tr587
bug_tr599
bug_tr604
bug_tr627
bug_tr630
bug_tr640
bug_tr650
bug_tr659
bug_tr660
bug_tr661
bug_tr662
bug_tr664
bug_tr665
bug_tr666
bug_tr667
bug_tr668
bug_tr671
bug_tr679
bug_tr686
bug_genus_etc
facstd
fermat_gcd_1var
fermat_gcd_2var
fermat_gcd_3var
fermat_gcd_4var
fermat_gcd_mod_1var
fermat_gcd_mod_2var
fermat_gcd_mod_3var
fermat_gcd_mod_4var
gcd2test
gcd3primtest
gcd3test
gcd4test
gcd5primtest
gcd5test
gcd_univar_p_s
gcd_univar_p_alpha_s
modular_s
modstd_s
ncfactor_facNthShift1_s
ncfactor_landau_ex_s
ncfactor_multipleFacsSameTopAndBottom_s
ncfactor_nthweylringalt_s
parallel_s
primdec3
reesclos
resources_s
tasks_s
