This file contains any messages produced by compilers while
running configure, to aid debugging if configure makes a mistake.

configure:561: checking uname for singular
configure:658: checking for gcc
configure:771: checking whether the C compiler (gcc -O ) works
configure:787: gcc -o conftest -O   conftest.c  1>&5
configure:813: checking whether the C compiler (gcc -O ) is a cross-compiler
configure:818: checking whether we are using GNU C
configure:846: checking whether gcc accepts -g
configure:878: checking how to run the C preprocessor
configure:962: checking for c++
configure:994: checking whether the C++ compiler (c++ -O ) works
configure:1010: c++ -o conftest -O   conftest.C  1>&5
configure:1036: checking whether the C++ compiler (c++ -O ) is a cross-compiler
configure:1041: checking whether we are using GNU C++
configure:1069: checking whether c++ accepts -g
configure:1131: checking for a BSD compatible install
configure:1184: checking for AIX
configure:1212: checking gcc version
configure:1244: checking whether gcc accepts --no-rtti
configure:1279: checking whether gcc accepts --no-exceptions
configure:1325: checking whether compiler accepts -pipe
configure:1363: checking whether _AIX is defined
configure:1419: checking whether make sets ${MAKE}
configure:1502: checking for flex
configure:1574: checking for bison
configure:1609: checking whether ln -s works
configure:1635: checking for perl5
configure:1670: checking for atof in -lm
configure:1780: checking for dlopen in -ldl
configure:1907: checking for ANSI C header files
configure:2014: checking for limits.h
configure:2014: checking for unistd.h
configure:2058: checking for sys/file.h
configure:2058: checking for sys/ioctl.h
configure:2058: checking for sys/time.h
configure:2058: checking for sys/times.h
configure:2058: checking for sys/types.h
configure:2058: checking for sys/stat.h
configure:2058: checking for fcntl.h
configure:2058: checking for sys/param.h
configure:2058: checking for pwd.h
configure:2058: checking for asm/sigcontext.h
configure:2058: checking for pwd.h
configure:2058: checking for termcap.h
configure:2058: checking for termios.h
configure:2058: checking for term.h
configure:2058: checking for readline/readline.h
configure:2097: checking for working const
configure:2172: checking for inline
configure:2212: checking for size_t
configure:2245: checking whether struct tm is in sys/time.h or time.h
configure:2279: checking whether time.h and sys/time.h may both be included
configure:2318: checking for working alloca.h
configure:2351: checking for alloca
configure:2551: checking whether gcc needs -traditional
configure:2600: checking for unistd.h
configure:2639: checking for getpagesize
configure:2692: checking for working mmap
configure:2863: checking return type of signal handlers
configure:2904: checking for vprintf
configure:3010: checking for library containing setenv
configure:3074: checking for gettimeofday
configure:3074: checking for atexit
configure:3074: checking for bcopy
configure:3074: checking for getcwd
configure:3074: checking for getwd
configure:3074: checking for vsnprintf
configure:3074: checking for readlink
configure:3074: checking for sleep
configure:3074: checking for usleep
configure:3074: checking for getpwnam
configure:3074: checking for popen
configure:3074: checking for setenv
configure:3131: checking whether your machine has correct arithmetic shifts
configure:3173: checking whether explicit C++ constructor calls are allowed
configure:3233: checking whether vsprintf returns number of printed chars
configure:3272: checking size of char
configure:3311: checking size of short
configure:3350: checking size of int
configure:3389: checking size of long
configure:3428: checking size of void*
configure:3467: checking size of double
configure:3506: checking whether byte ordering is bigendian
configure:3698: checking whether to use dynamic linking
configure:3711: checking for tgetent in -lncurses
configure:3871: checking for rl_abort in -lreadline
configure:3921: checking how to run the C++ preprocessor
configure:3967: checking for readline/readline.h
configure:3967: checking for readline/history.h
configure:4006: checking whether readline.h is ok
configure:4040: checking whether or not we nevertheless can use readline
configure:4118: checking which readline to use
configure:4138: checking for main in -lgmp
configure:4184: checking for main in -lsmallgmp
configure:4228: checking for IMP_PutGmpInt in -lMP
configure:4275: checking for MPT_GetTree in -lMPT
configure:4323: checking for atof in -lsingcf
configure:4370: checking for atof in -lsingfac
configure:4417: checking for omTestAddr in -lomalloc
configure:4464: checking for main in -lomalloc_ndebug
configure:4507: checking for main in -lntl
configure:4555: checking for gmp.h
configure:4555: checking for smallgmp.h
configure:4555: checking for MP.h
configure:4555: checking for MPT.h
configure:4555: checking for factory.h
configure:4555: checking for factor.h
configure:4555: checking for omalloc.h
configure:4555: checking for omalloc.c
configure:4637: checking which apint package to use
configure:4679: checking whether to have MP
configure:4714: checking whether to have NTL
configure:4723: checking whether to have factory
configure:4754: checking whether to have libfac
configure:4788: checking whether to have dbm links
configure:4800: checking whether to have namespaces
configure:4812: checking whether to have dynamic modules
configure:4824: checking whether to have dynamic kernel
configure:4834: checking whether to have Plural
