allres_l
bardet_probl_l
bug_4
bug_45
bug_tr164
bug_res
brnoeth_l
classify_l
deform_l
det_minor
eliminate_2
eliminate_6
eliminate_8
fetch_l
fglm1_l
fglmquot1_l
finvar_l
finvar2_l
gaussm_l
gcd0_l
gcdp_l
groebner_l
hnoether_l
homtest
hres_l
intdet_l
king_3_colors_l
lres_l
makedbm_l
minor_l
modulo_l
monodromy_l
monomial_l
mora_1
mora_2
mora_3
mora_4
mora_8
; mpsr_l
mre
mre_nonhom
pAdd0L_l
pAdd0_l
pAddL_l
pAddManyVarsManyL_l
pAddManyVars_l
pAdd_l
pMult0L_l
pMult0_l
pMultL_l
pMult_l
primdec_l
primitiv_l
res_l
resultantp_l
rinvar
sheafcoh_l
sing_l
solve_l
sres_l
std_l
triang_l
tst_l
zeroset1

