katsura-sba_l
knapsack
liftstd_l
symodstd
nfmodstd_l
nfmodsyz_l
bug_tr642
bug_tr677
king_3_colors_l
modstd_l
modulo_l
monodromy_l
monomial_l
mora_1
mora_2
mora_3
mora_4
mora_8
mre
mre_nonhom
ncfactor_lee_l
;;ncfactor_counterExOld_l ;; too long
paraplan ;; 3019 sec on nepomuck
pAdd0L_l
pAdd0_l
pAddL_l
pAddManyVarsManyL_l
pAddManyVars_l
pAdd_l
pMult0L_l
pMult0_l
pMultL_l
pMult_l
primdec_l
primdecint
primitiv_l
res_l
resultantp_l
rinvar
sheafcoh_l
sing_l
solve_l
sres_l
surfacesignature
std_l
triang_l
zeroset1

