cmp
barei
bett
ch
col
corner
def
degre
dimens
execut
fetch
freemod
generat
hilbert
homo
idea
initial
integ
interred
intersec
jacobi
jett
kbas
kil
lif
liftstan
liste
mapp
matr
maxdegr
maxid
minbas
mino
modu
mre
mult
normalf
numvar
opt
order
part
pol
preim
prim
qrin
rang
re
regul
ringdef
row
rvari
setrin
shor
siz
sre
sstring
substit
syzygy
teste
time
trans
typ
typof
va
vdimen
vec
wedg
m1ex
m2ex
m3ex
m4ex
m5ex
m7ex
m8ex
m9ex
m10ex
m11ex
m13ex
m15ex
m16ex
m17ex
m18ex
m19ex
polylib
ringlib
lamm
alex2
cyclic
mora2
weight2
res2
zahlen0
aa
formmat
if
alex1
betti
binomial
bluff
cring
curve
ord
coef
coeff
dups
echo
ech
err1
err2
err3
err4
err5
err6
err7
sat
fak
filenest
firsts
gm
h4
hilb
ideal
idealop
modul
modul1
modulo
quot
fastelim
integers
intvec
intmat
index
jet
lists
longalg
lpowers
palg
algnorm
det
map
imap
matrix
matrows
mora1
moralex
nofile
poly
deg
comp
permutat
preimage
proc
qring
qring1
regr1
ring
rings
smm
std1
std_test
stdhilb
redtail
string
namof
koszul
res 
sres
; DIFF syzygies
varlist
qhw
weight
m1si
m2si
m3si
m4si
m5si
m6si
m7si
m8si
m9si
m10si
m11si
m12si
m13si
m14si
m15si
m16si
m17si
m18si
m19si
m20si
m21si
m22si
m23si
m24si
m25si
m27si
m28si
m29si
m30si
m31si
m32si
m33si
m34si
m35si
m36si
m37si
m38si
m39si
m40si
m41si
m42si
m43si
m44si
m45si
m46si
m47si
m48si
m49si
m50si
m51si
m52si
m53si
m54si
m55si
m56si
m57si
m58si
m59si
m60si
m61si
m62si
m63si
m64si
m65si
m66si
m67si
m68si
m69si
m70si
m71si
m72si
m73si
m74si
m75si
m76si
m77si
m78si
m79si
m80si
m81si
m82si
m83si
m84si
m85si
m86si
m88si
m89si
m90si
m91si
m92si
m93si
m94si
m95si
m96si
m97si
m98si
m99si
m100si
m101si
m102si
m103si
m104si
m105si
m106si
m107si
m108si
m109si
m110si
m111si
m112si
m113si
m114si
m115si
m116si
m117si
m118si
m119si
m120si
m121si
m122si
m123si
m124si
m125si
m126si
m127si
m128si
m129si
m130si
m131si
m132si
m133si
m134si
m135si
m136si
m137si
m138si
m139si
m140si
m141si
m142si
m143si
m144si
m145si
m146si
m147si
m148si
m149si
m150si
m151si
m153si
m154si
agnes
